C:\Users\PeterUgwuoke\Desktop\CreativePlayground\apps\users\views.py changed, reloading.
Watching for file changes with StatReloader
incorrect email from AnonymousUser
Not Found: /favicon.ico
C:\Users\PeterUgwuoke\Desktop\CreativePlayground\apps\users\managers.py changed, reloading.
Watching for file changes with StatReloader
C:\Users\PeterUgwuoke\Desktop\CreativePlayground\apps\users\managers.py changed, reloading.
Watching for file changes with StatReloader
C:\Users\PeterUgwuoke\Desktop\CreativePlayground\apps\users\forms.py changed, reloading.
Watching for file changes with StatReloader
C:\Users\PeterUgwuoke\Desktop\CreativePlayground\apps\users\views.py changed, reloading.
Watching for file changes with StatReloader
C:\Users\PeterUgwuoke\Desktop\CreativePlayground\apps\users\views.py changed, reloading.
Watching for file changes with StatReloader
incorrect email from peter@peter.com
C:\Users\PeterUgwuoke\Desktop\CreativePlayground\apps\users\managers.py changed, reloading.
Watching for file changes with StatReloader
C:\Users\PeterUgwuoke\Desktop\CreativePlayground\apps\users\managers.py changed, reloading.
Watching for file changes with StatReloader
Verification resend failed for email: sss@fff.com
incorrect email from peter@peter.com
Resent verification email to: peter@peter.com
C:\Users\PeterUgwuoke\Desktop\CreativePlayground\apps\users\models.py changed, reloading.
Watching for file changes with StatReloader
C:\Users\PeterUgwuoke\Desktop\CreativePlayground\apps\users\models.py changed, reloading.
Watching for file changes with StatReloader
Watching for file changes with StatReloader
Verification resend failed for email: sss@fff.com
incorrect email from peter@peter.com
Resent verification email to: peter@peter.com
C:\Users\PeterUgwuoke\Desktop\CreativePlayground\creativeplayground\settings\base.py changed, reloading.
Watching for file changes with StatReloader
C:\Users\PeterUgwuoke\Desktop\CreativePlayground\creativeplayground\settings\base.py changed, reloading.
Watching for file changes with StatReloader
Watching for file changes with StatReloader
C:\Users\PeterUgwuoke\Desktop\CreativePlayground\creativeplayground\settings\base.py changed, reloading.
Watching for file changes with StatReloader
C:\Users\PeterUgwuoke\Desktop\CreativePlayground\apps\users\models.py changed, reloading.
Watching for file changes with StatReloader
C:\Users\PeterUgwuoke\Desktop\CreativePlayground\apps\users\models.py changed, reloading.
Watching for file changes with StatReloader
C:\Users\PeterUgwuoke\Desktop\CreativePlayground\apps\users\models.py changed, reloading.
Watching for file changes with StatReloader
Watching for file changes with StatReloader
C:\Users\PeterUgwuoke\Desktop\CreativePlayground\apps\users\forms.py changed, reloading.
Watching for file changes with StatReloader
C:\Users\PeterUgwuoke\Desktop\CreativePlayground\apps\users\forms.py changed, reloading.
Watching for file changes with StatReloader
C:\Users\PeterUgwuoke\Desktop\CreativePlayground\apps\users\views.py changed, reloading.
Watching for file changes with StatReloader
C:\Users\PeterUgwuoke\Desktop\CreativePlayground\apps\users\views.py changed, reloading.
Watching for file changes with StatReloader
C:\Users\PeterUgwuoke\Desktop\CreativePlayground\creativeplayground\settings\base.py changed, reloading.
Watching for file changes with StatReloader
C:\Users\PeterUgwuoke\Desktop\CreativePlayground\apps\users\models.py changed, reloading.
Watching for file changes with StatReloader
C:\Users\PeterUgwuoke\Desktop\CreativePlayground\apps\users\models.py changed, reloading.
Watching for file changes with StatReloader
C:\Users\PeterUgwuoke\Desktop\CreativePlayground\apps\users\models.py changed, reloading.
Watching for file changes with StatReloader
C:\Users\PeterUgwuoke\Desktop\CreativePlayground\apps\users\models.py changed, reloading.
Watching for file changes with StatReloader
C:\Users\PeterUgwuoke\Desktop\CreativePlayground\apps\users\models.py changed, reloading.
Watching for file changes with StatReloader
C:\Users\PeterUgwuoke\Desktop\CreativePlayground\creativeplayground\settings\base.py changed, reloading.
Watching for file changes with StatReloader
User peter@peter.com visited /accounts/profile/ via GET
Profile accessed by user: peter@peter.com
User peter@peter.com visited /admin via GET
User peter@peter.com visited /admin/ via GET
User peter@peter.com visited /admin/users/customuser/ via GET
User peter@peter.com visited /admin/jsi18n/ via GET
User peter@peter.com visited /login/ via GET
User peter@peter.com visited /login/ via POST
User peter@peter.com visited /accounts/profile/ via GET
Profile accessed by user: peter@peter.com
User peter@peter.com visited /admin via GET
User peter@peter.com visited /admin/ via GET
User peter@peter.com visited /admin/password_change/ via GET
User peter@peter.com visited /admin/ via GET
User peter@peter.com visited / via GET
User peter@peter.com visited /admin/ via GET
User peter@peter.com visited / via GET
User peter@peter.com visited /admin/ via GET
User peter@peter.com visited /admin/ via GET
User peter@peter.com visited /accounts/profile/ via GET
Profile accessed by user: peter@peter.com
User peter@peter.com visited /accounts/profile/ via GET
Profile accessed by user: peter@peter.com
User peter@peter.com visited /accounts/profile/ via GET
Profile accessed by user: peter@peter.com
User peter@peter.com visited /login/ via GET
User peter@peter.com visited /login/ via GET
User peter@peter.com visited /admin/users/customuser/ via GET
User peter@peter.com visited /accounts/ via GET
User peter@peter.com visited /accounts/password-reset/ via GET
User peter@peter.com visited /accounts/profile/ via GET
Profile accessed by user: peter@peter.com
User peter@peter.com visited /accounts/profile/ via GET
Profile accessed by user: peter@peter.com
User peter@peter.com visited /accounts/ via GET
User peter@peter.com visited /accounts/login/ via GET
User peter@peter.com visited /accounts/profile/ via GET
Profile accessed by user: peter@peter.com
User peter@peter.com visited /accounts/logout/ via GET
User peter@peter.com visited /accounts/profile/ via GET
Profile accessed by user: peter@peter.com
User peter@peter.com visited /accounts/profile/ via GET
Profile accessed by user: peter@peter.com
User peter@peter.com visited /accounts/profile/ via GET
Profile accessed by user: peter@peter.com
User peter@peter.com visited /accounts/profile/ via GET
Profile accessed by user: peter@peter.com
User peter@peter.com visited /accounts/profile/ via GET
Profile accessed by user: peter@peter.com
User peter@peter.com visited /accounts/profile/ via GET
Profile accessed by user: peter@peter.com
User peter@peter.com visited /accounts/profile/ via GET
Profile accessed by user: peter@peter.com
User peter@peter.com visited /accounts/profile/ via GET
Profile accessed by user: peter@peter.com
User peter@peter.com visited /accounts/profile/ via GET
Profile accessed by user: peter@peter.com
User peter@peter.com visited /accounts/profile/ via GET
Profile accessed by user: peter@peter.com
User peter@peter.com visited /accounts/profile/ via GET
Profile accessed by user: peter@peter.com
User peter@peter.com visited /accounts/profile/ via GET
Profile accessed by user: peter@peter.com
User peter@peter.com visited /accounts/profile/ via GET
Profile accessed by user: peter@peter.com
User peter@peter.com visited /accounts/profile/ via GET
Profile accessed by user: peter@peter.com
User peter@peter.com visited /accounts/profile/ via GET
Profile accessed by user: peter@peter.com
User peter@peter.com visited /accounts/profile/ via GET
Profile accessed by user: peter@peter.com
User peter@peter.com visited /accounts/profile/ via GET
Profile accessed by user: peter@peter.com
User peter@peter.com visited /accounts/profile/ via GET
Profile accessed by user: peter@peter.com
User peter@peter.com visited /accounts/profile/ via GET
Profile accessed by user: peter@peter.com
User peter@peter.com visited /accounts/profile/ via GET
Profile accessed by user: peter@peter.com
User peter@peter.com visited /accounts/profile/ via GET
Profile accessed by user: peter@peter.com
User peter@peter.com visited /accounts/profile/ via GET
Profile accessed by user: peter@peter.com
User peter@peter.com visited /accounts/profile/ via GET
Profile accessed by user: peter@peter.com
User peter@peter.com visited /accounts/profile/ via GET
Profile accessed by user: peter@peter.com
User peter@peter.com visited /accounts/profile/ via GET
Profile accessed by user: peter@peter.com
User peter@peter.com visited /accounts/profile/ via GET
Profile accessed by user: peter@peter.com
User peter@peter.com visited /accounts/profile/ via GET
Profile accessed by user: peter@peter.com
User peter@peter.com visited /accounts/profile/ via GET
Profile accessed by user: peter@peter.com
User peter@peter.com visited /accounts/profile/ via GET
Profile accessed by user: peter@peter.com
User peter@peter.com visited /accounts/profile/ via GET
Profile accessed by user: peter@peter.com
User peter@peter.com visited /accounts/profile/ via GET
Profile accessed by user: peter@peter.com
User peter@peter.com visited /accounts/profile/ via GET
Profile accessed by user: peter@peter.com
User peter@peter.com visited /accounts/login/ via POST
Forbidden (CSRF token from POST incorrect.): /accounts/login/
User peter@peter.com visited /accounts/login/ via POST
Forbidden (CSRF token from POST incorrect.): /accounts/login/
User peter@peter.com visited /accounts/login/ via GET
User peter@peter.com visited /accounts/login/ via POST
User peter@peter.com visited /accounts/profile/ via GET
Profile accessed by user: peter@peter.com
User peter@peter.com visited /accounts/profile/ via GET
Profile accessed by user: peter@peter.com
User peter@peter.com visited /accounts/profile/ via GET
Profile accessed by user: peter@peter.com
User peter@peter.com visited /accounts/profile/ via GET
Profile accessed by user: peter@peter.com
C:\Users\PeterUgwuoke\Desktop\CreativePlayground\creativeplayground\settings\base.py changed, reloading.
Watching for file changes with StatReloader
User peter@peter.com visited /accounts/profile/ via GET
Profile accessed by user: peter@peter.com
User peter@peter.com visited /accounts/profile/ via GET
Profile accessed by user: peter@peter.com
User peter@peter.com visited /accounts/profile/ via GET
Profile accessed by user: peter@peter.com
User peter@peter.com visited /admin via GET
User peter@peter.com visited /admin/ via GET
User peter@peter.com visited / via GET
User peter@peter.com visited /profile/ via GET
Profile accessed by user: peter@peter.com
User peter@peter.com visited /admin/ via GET
User peter@peter.com visited /admin/users/customuser/ via GET
User peter@peter.com visited /admin/jsi18n/ via GET
C:\Users\PeterUgwuoke\Desktop\CreativePlayground\creativeplayground\settings\base.py changed, reloading.
Watching for file changes with StatReloader
User peter@peter.com visited /home via GET
Not Found: /home
User peter@peter.com visited / via GET
User peter@peter.com visited /profile/ via GET
Profile accessed by user: peter@peter.com
User peter@peter.com visited /profile/ via GET
Profile accessed by user: peter@peter.com
C:\Users\PeterUgwuoke\Desktop\CreativePlayground\apps\users\middleware.py changed, reloading.
Watching for file changes with StatReloader
User peter@peter.com visited /profile/ via GET
Profile accessed by user: peter@peter.com
User peter@peter.com visited /profile/ via GET
Profile accessed by user: peter@peter.com
User peter@peter.com visited /login/ via GET
User peter@peter.com visited /profile/ via GET
Profile accessed by user: peter@peter.com
User peter@peter.com visited /profile/ via GET
Profile accessed by user: peter@peter.com
User peter@peter.com visited / via GET
User peter@peter.com visited /profile/ via GET
Profile accessed by user: peter@peter.com
User peter@peter.com visited /profile/ via GET
Profile accessed by user: peter@peter.com
User peter@peter.com visited /profile/ via GET
Profile accessed by user: peter@peter.com
User peter@peter.com visited /profile/ via GET
Profile accessed by user: peter@peter.com
User peter@peter.com visited /profile/ via GET
Profile accessed by user: peter@peter.com
User peter@peter.com visited /profile/ via GET
Profile accessed by user: peter@peter.com
User peter@peter.com visited /profile/ via GET
Profile accessed by user: peter@peter.com
User peter@peter.com visited /profile/ via GET
Profile accessed by user: peter@peter.com
User peter@peter.com visited /profile/ via GET
Profile accessed by user: peter@peter.com
User peter@peter.com visited /profile/ via GET
Profile accessed by user: peter@peter.com
User peter@peter.com visited /profile/ via GET
Profile accessed by user: peter@peter.com
User peter@peter.com visited /profile/ via GET
Profile accessed by user: peter@peter.com
User peter@peter.com visited /profile/ via GET
Profile accessed by user: peter@peter.com
User peter@peter.com visited /profile/ via GET
Profile accessed by user: peter@peter.com
User peter@peter.com visited /profile/ via GET
Profile accessed by user: peter@peter.com
User peter@peter.com visited /profile/ via GET
Profile accessed by user: peter@peter.com
User peter@peter.com visited /profile/ via GET
Profile accessed by user: peter@peter.com
User peter@peter.com visited /profile/ via GET
Profile accessed by user: peter@peter.com
User peter@peter.com visited /profile/ via GET
Profile accessed by user: peter@peter.com
User peter@peter.com visited /profile/ via GET
Profile accessed by user: peter@peter.com
User peter@peter.com visited /profile/ via GET
Profile accessed by user: peter@peter.com
User peter@peter.com visited /profile/ via GET
Profile accessed by user: peter@peter.com
User peter@peter.com visited /profile/ via GET
Profile accessed by user: peter@peter.com
User peter@peter.com visited /profile/ via GET
Profile accessed by user: peter@peter.com
User peter@peter.com visited /profile/ via GET
Profile accessed by user: peter@peter.com
User peter@peter.com visited /profile/ via GET
Profile accessed by user: peter@peter.com
User peter@peter.com visited /profile/ via GET
Profile accessed by user: peter@peter.com
User peter@peter.com visited /profile/ via GET
Profile accessed by user: peter@peter.com
User peter@peter.com visited /profile/ via GET
Profile accessed by user: peter@peter.com
C:\Users\PeterUgwuoke\Desktop\CreativePlayground\apps\users\middleware.py changed, reloading.
Watching for file changes with StatReloader
C:\Users\PeterUgwuoke\Desktop\CreativePlayground\creativeplayground\settings\base.py changed, reloading.
Watching for file changes with StatReloader
Watching for file changes with StatReloader
User peter@peter.com visited /profile/ via GET
Profile accessed by user: peter@peter.com
User peter@peter.com visited /profile/ via GET
Profile accessed by user: peter@peter.com
User peter@peter.com visited /profile/ via GET
Profile accessed by user: peter@peter.com
User peter@peter.com visited /profile/ via GET
Profile accessed by user: peter@peter.com
User peter@peter.com visited /profile/ via GET
Profile accessed by user: peter@peter.com
User peter@peter.com visited /profile/ via GET
Profile accessed by user: peter@peter.com
User peter@peter.com visited /profile/ via GET
Profile accessed by user: peter@peter.com
User peter@peter.com visited /profile/ via GET
Profile accessed by user: peter@peter.com
User peter@peter.com visited /profile/ via GET
Profile accessed by user: peter@peter.com
User peter@peter.com visited /profile/ via GET
Profile accessed by user: peter@peter.com
User peter@peter.com visited /profile/ via GET
Profile accessed by user: peter@peter.com
User peter@peter.com visited /profile/ via GET
Profile accessed by user: peter@peter.com
User peter@peter.com visited /profile/ via GET
Profile accessed by user: peter@peter.com
User peter@peter.com visited /profile/ via GET
Profile accessed by user: peter@peter.com
User peter@peter.com visited /profile/ via GET
Profile accessed by user: peter@peter.com
User peter@peter.com visited /profile/ via GET
Profile accessed by user: peter@peter.com
User peter@peter.com visited /profile/ via GET
Profile accessed by user: peter@peter.com
User peter@peter.com visited /profile/ via GET
Profile accessed by user: peter@peter.com
User peter@peter.com visited /profile/ via GET
Profile accessed by user: peter@peter.com
User peter@peter.com visited /profile/ via GET
Profile accessed by user: peter@peter.com
User peter@peter.com visited /profile/ via GET
Profile accessed by user: peter@peter.com
User peter@peter.com visited /profile/ via GET
Profile accessed by user: peter@peter.com
User peter@peter.com visited /profile/ via GET
Profile accessed by user: peter@peter.com
User peter@peter.com visited /profile/ via GET
Profile accessed by user: peter@peter.com
User peter@peter.com visited /profile/ via GET
Profile accessed by user: peter@peter.com
User peter@peter.com visited /profile/ via GET
Profile accessed by user: peter@peter.com
User peter@peter.com visited /profile/ via GET
Profile accessed by user: peter@peter.com
User peter@peter.com visited /profile/ via GET
Profile accessed by user: peter@peter.com
User peter@peter.com visited /profile/ via GET
Profile accessed by user: peter@peter.com
User peter@peter.com visited /profile/ via GET
Profile accessed by user: peter@peter.com
Watching for file changes with StatReloader
User peter@peter.com visited /accounts/profile/ via GET
Profile accessed by user: peter@peter.com
User peter@peter.com visited /accounts/ via GET
User peter@peter.com visited /accounts/password-reset/ via GET
User peter@peter.com visited /accounts/profile/ via GET
Profile accessed by user: peter@peter.com
User peter@peter.com visited /accounts/ via GET
User peter@peter.com visited /accounts/login/ via GET
User peter@peter.com visited /accounts/profile/ via GET
Profile accessed by user: peter@peter.com
User peter@peter.com visited /accounts/ via GET
User peter@peter.com visited /accounts/login/ via GET
User peter@peter.com visited /accounts/profile/ via GET
Profile accessed by user: peter@peter.com
User peter@peter.com visited /accounts/ via GET
User peter@peter.com visited /accounts/password-reset/ via GET
User peter@peter.com visited /accounts/profile/ via GET
Profile accessed by user: peter@peter.com
Watching for file changes with StatReloader
User peter@peter.com visited /accounts/profile/ via GET
Profile accessed by user: peter@peter.com
User peter@peter.com visited /accounts/profile/ via GET
Profile accessed by user: peter@peter.com
User peter@peter.com visited /accounts/ via GET
User peter@peter.com visited /accounts/profile/ via GET
Profile accessed by user: peter@peter.com
User peter@peter.com visited /accounts/logout/ via GET
User peter@peter.com visited /accounts/profile/ via GET
Profile accessed by user: peter@peter.com
User peter@peter.com visited /accounts/ via GET
User peter@peter.com visited /accounts/profile/ via GET
Profile accessed by user: peter@peter.com
Watching for file changes with StatReloader
User peter@peter.com visited /accounts/profile/ via GET at 2025-04-19 13:13:14.281883+00:00
Profile accessed by user: peter@peter.com
User peter@peter.com visited /accounts/ via GET at 2025-04-19 13:13:17.861333+00:00
User peter@peter.com visited /accounts/login/ via GET at 2025-04-19 13:13:19.448334+00:00
User peter@peter.com visited /accounts/profile/ via GET at 2025-04-19 13:13:21.680324+00:00
Profile accessed by user: peter@peter.com
User peter@peter.com visited /accounts/ via GET at 2025-04-19 13:13:27.773791+00:00
User peter@peter.com visited /accounts/profile/ via GET at 2025-04-19 13:13:29.397184+00:00
Profile accessed by user: peter@peter.com
User peter@peter.com visited /accounts/logout/ via GET at 2025-04-19 13:13:37.881779+00:00
User peter@peter.com visited /accounts/profile/ via GET at 2025-04-19 13:13:51.015619+00:00
Profile accessed by user: peter@peter.com
User peter@peter.com visited /accounts/profile/ via GET at 2025-04-19 13:15:34.398805+00:00
Profile accessed by user: peter@peter.com
User peter@peter.com visited /accounts/profile/ via GET at 2025-04-19 13:15:38.029493+00:00
Profile accessed by user: peter@peter.com
User peter@peter.com visited /accounts/profile/ via GET at 2025-04-19 13:15:49.373673+00:00
Profile accessed by user: peter@peter.com
User peter@peter.com visited /accounts/ via GET at 2025-04-19 13:16:02.972227+00:00
User peter@peter.com visited /accounts/profile/ via GET at 2025-04-19 13:16:04.842651+00:00
Profile accessed by user: peter@peter.com
